20:07:36: ######### Script Start, id: 2192769464 start time: 1668362856 #############
20:07:36: -> Creating data file
20:07:36: --> File name: 'curl0', file size: 2m'
20:07:36: --> File name: 'curl1', file size: 2m'
20:07:36: --> File name: 'curl2', file size: 2m'
20:07:36: <- File Created
20:07:36: -> Creating bucket
20:07:37: <- Bucket 'curl0' created
20:07:37: -> Uploading file 'curl0' to Bucket 'curl0'
20:07:41: <- File 'curl0' Uploaded to Bucket 'curl0' (^)
20:07:41: -> Uploading file 'curl1' to Bucket 'curl0'
20:07:48: <- File 'curl1' Uploaded to Bucket 'curl0' (^)
20:07:48: -> Uploading file 'curl2' to Bucket 'curl0'
20:07:52: <- File 'curl2' Uploaded to Bucket 'curl0' (^)
20:07:52: -> Retrieving File 'curl0' metadata
20:07:52: <- File 'curl0' metadata retrieved (*)
20:07:52: -> Downloading File 'curl0'
20:07:53: <- File 'curl0' downloaded (v)
20:07:53: -> Retrieving File 'curl1' metadata
20:07:53: <- File 'curl1' metadata retrieved (*)
20:07:53: -> Downloading File 'curl1'
20:07:53: <- File 'curl1' downloaded (v)
20:07:53: -> Retrieving File 'curl2' metadata
20:07:53: <- File 'curl2' metadata retrieved (*)
20:07:53: -> Downloading File 'curl2'
20:07:54: <- File 'curl2' downloaded (v)
20:07:54: -> Deleting file 'curl2' from S3 bucket 'curl0'
20:07:54: <- File 'curl2' deleted from S3 bucket 'curl0' (X)
20:07:54: -> Deleting file 'curl2' from S3 bucket 'curl0'
20:07:54: <- File 'curl2' deleted from S3 bucket 'curl0' (X)
20:07:54: -> Deleting file 'curl2' from S3 bucket 'curl0'
20:07:55: <- File 'curl2' deleted from S3 bucket 'curl0' (X)
20:07:55: -> Uploading file 'curl0' to Bucket 'curl0'
20:07:58: <- File 'curl0' Uploaded to Bucket 'curl0' (^)
20:07:58: -> Uploading file 'curl1' to Bucket 'curl0'
20:08:02: <- File 'curl1' Uploaded to Bucket 'curl0' (^)
20:08:02: -> Uploading file 'curl2' to Bucket 'curl0'
20:08:06: <- File 'curl2' Uploaded to Bucket 'curl0' (^)
20:08:06: -> Retrieving File 'curl0' metadata
20:08:06: <- File 'curl0' metadata retrieved (*)
20:08:06: -> Downloading File 'curl0'
20:08:06: <- File 'curl0' downloaded (v)
20:08:06: -> Retrieving File 'curl1' metadata
20:08:06: <- File 'curl1' metadata retrieved (*)
20:08:06: -> Downloading File 'curl1'
20:08:07: <- File 'curl1' downloaded (v)
20:08:07: -> Retrieving File 'curl2' metadata
20:08:07: <- File 'curl2' metadata retrieved (*)
20:08:07: -> Downloading File 'curl2'
20:08:08: <- File 'curl2' downloaded (v)
20:08:08: -> Deleting file 'curl2' from S3 bucket 'curl0'
20:08:08: <- File 'curl2' deleted from S3 bucket 'curl0' (X)
20:08:08: -> Deleting file 'curl2' from S3 bucket 'curl0'
20:08:08: <- File 'curl2' deleted from S3 bucket 'curl0' (X)
20:08:08: -> Deleting file 'curl2' from S3 bucket 'curl0'
20:08:08: <- File 'curl2' deleted from S3 bucket 'curl0' (X)
20:08:08: -> Uploading file 'curl0' to Bucket 'curl0'
20:08:12: <- File 'curl0' Uploaded to Bucket 'curl0' (^)
20:08:12: -> Uploading file 'curl1' to Bucket 'curl0'
20:08:16: <- File 'curl1' Uploaded to Bucket 'curl0' (^)
20:08:16: -> Uploading file 'curl2' to Bucket 'curl0'
20:08:20: <- File 'curl2' Uploaded to Bucket 'curl0' (^)
20:08:20: -> Retrieving File 'curl0' metadata
20:08:20: <- File 'curl0' metadata retrieved (*)
20:08:20: -> Downloading File 'curl0'
20:08:20: <- File 'curl0' downloaded (v)
20:08:20: -> Retrieving File 'curl1' metadata
20:08:21: <- File 'curl1' metadata retrieved (*)
20:08:21: -> Downloading File 'curl1'
20:08:21: <- File 'curl1' downloaded (v)
20:08:21: -> Retrieving File 'curl2' metadata
20:08:21: <- File 'curl2' metadata retrieved (*)
20:08:21: -> Downloading File 'curl2'
20:08:22: <- File 'curl2' downloaded (v)
20:08:22: -> Deleting file 'curl2' from S3 bucket 'curl0'
20:08:22: <- File 'curl2' deleted from S3 bucket 'curl0' (X)
20:08:22: -> Deleting file 'curl2' from S3 bucket 'curl0'
20:08:22: <- File 'curl2' deleted from S3 bucket 'curl0' (X)
20:08:22: -> Deleting file 'curl2' from S3 bucket 'curl0'
20:08:23: <- File 'curl2' deleted from S3 bucket 'curl0' (X)
20:08:23: -> Deleting bucket 'curl0'
20:08:23: <- Bucket 'curl0' deleted 
20:08:23: ######### Script is done, id: 2192769464 end time: 1668362903 #############


